#
# There is insufficient memory for the Java Runtime Environment to continue.
# Native memory allocation (malloc) failed to allocate 480104 bytes for AllocateHeap
# Possible reasons:
#   The system is out of physical RAM or swap space
#   The process is running with CompressedOops enabled, and the Java Heap may be blocking the growth of the native heap
# Possible solutions:
#   Reduce memory load on the system
#   Increase physical memory or swap space
#   Check if swap backing store is full
#   Decrease Java heap size (-Xmx/-Xms)
#   Decrease number of Java threads
#   Decrease Java thread stack sizes (-Xss)
#   Set larger code cache with -XX:ReservedCodeCacheSize=
#   JVM is running with Unscaled Compressed Oops mode in which the Java heap is
#     placed in the first 4GB address space. The Java Heap base address is the
#     maximum limit for the native heap growth. Please use -XX:HeapBaseMinAddress
#     to set the Java Heap base and to place the Java Heap above 4GB virtual address.
# This output file may be truncated or incomplete.
#
#  Out of Memory Error (memory/allocation.inline.hpp:62), pid=736, tid=16124
#
# JRE version:  (9.0+11) (build )
# Java VM: Java HotSpot(TM) 64-Bit Server VM (9.0.4+11, mixed mode, tiered, compressed oops, g1 gc, windows-amd64)
# No core dump will be written. Minidumps are not enabled by default on client versions of Windows
#

---------------  S U M M A R Y ------------

Command Line: -Dfile.encoding=Cp1252 Sorting

Host: Intel(R) Core(TM) i5-4200U CPU @ 1.60GHz, 4 cores, 5G,  Windows 8.1 , 64 bit Build 9600 (6.3.9600.17415)
Time: Thu Jul 12 12:08:12 2018 India Standard Time elapsed time: 0 seconds (0d 0h 0m 0s)

---------------  T H R E A D  ---------------

Current thread (0x000000a7848d0800):  JavaThread "Unknown thread" [_thread_in_vm, id=16124, stack(0x000000a7861b0000,0x000000a7862b0000)]

Stack: [0x000000a7861b0000,0x000000a7862b0000]
Native frames: (J=compiled Java code, j=interpreted, Vv=VM code, C=native code)
V  [jvm.dll+0x587068]
V  [jvm.dll+0x69c25e]
V  [jvm.dll+0x69d17a]
V  [jvm.dll+0x69d7b3]
V  [jvm.dll+0x21d198]
V  [jvm.dll+0x2803aa]
V  [jvm.dll+0x67a5fc]
V  [jvm.dll+0x67c854]
V  [jvm.dll+0x3269c9]
V  [jvm.dll+0x66555e]
V  [jvm.dll+0x391811]
V  [jvm.dll+0x3937c1]
C  [javaw.exe+0x3501]
C  [javaw.exe+0xe25f]
C  [javaw.exe+0xe406]
C  [KERNEL32.DLL+0x13d2]
C  [ntdll.dll+0x154f4]


---------------  P R O C E S S  ---------------

Java Threads: ( => current thread )

Other Threads:
  0x000000a7848e8800 GCTaskThread "GC Thread#0" [stack: 0x000000a79c000000,0x000000a79c100000] [id=13144]
  0x000000a7848eb000 GCTaskThread "GC Thread#1" [stack: 0x000000a79c100000,0x000000a79c200000] [id=5488]
  0x000000a7848ec800 GCTaskThread "GC Thread#2" [stack: 0x000000a79c200000,0x000000a79c300000] [id=15568]
  0x000000a7848ef000 GCTaskThread "GC Thread#3" [stack: 0x000000a79c300000,0x000000a79c400000] [id=2868]
  0x000000a784946800 ConcurrentGCThread "G1 Main Marker" [stack: 0x000000a7a0710000,0x000000a7a0810000] [id=10868]
  0x000000a784948800 ConcurrentGCThread "G1 Marker#0" [stack: 0x000000a7a0810000,0x000000a7a0910000] [id=100184]
  0x000000a7848f9800 ConcurrentGCThread "G1 Refine#0" [stack: 0x000000a79cb40000,0x000000a79cc40000] [id=6260]
  0x000000a7848f6800 ConcurrentGCThread "G1 Refine#1" [stack: 0x000000a79ca40000,0x000000a79cb40000] [id=12308]
  0x000000a7848f3000 ConcurrentGCThread "G1 Refine#2" [stack: 0x000000a79c940000,0x000000a79ca40000] [id=16012]
  0x000000a7848f1000 ConcurrentGCThread "G1 Refine#3" [stack: 0x000000a79c840000,0x000000a79c940000] [id=16052]
  0x000000a7848fb000 ConcurrentGCThread "G1 Young RemSet Sampling" [stack: 0x000000a79cc40000,0x000000a79cd40000] [id=15632]

=>0x000000a7848d0800 (exited) JavaThread "Unknown thread" [_thread_in_vm, id=16124, stack(0x000000a7861b0000,0x000000a7862b0000)]

Threads with active compile tasks:

VM state:not at safepoint (not fully initialized)

VM Mutex/Monitor currently owned by a thread: None

Heap address: 0x00000000a4600000, size: 1466 MB, Compressed Oops mode: 32-bit
Narrow klass base: 0x0000000000000000, Narrow klass shift: 3
Compressed class space size: 1073741824 Address: 0x0000000100000000

GC Heap History (0 events):
No events

Deoptimization events (0 events):
No events

Classes redefined (0 events):
No events

Internal exceptions (0 events):
No events

Events (0 events):
No events


Dynamic libraries:
0x00007ff634160000 - 0x00007ff63419e000 	C:\Program Files\Java\jre-9.0.4\bin\javaw.exe
0x00007ffaee9b0000 - 0x00007ffaeeb5d000 	C:\Windows\SYSTEM32\ntdll.dll
0x00007ffaedb60000 - 0x00007ffaedc9e000 	C:\Windows\system32\KERNEL32.DLL
0x00007ffaebf20000 - 0x00007ffaec036000 	C:\Windows\system32\KERNELBASE.dll
0x00007ffaed9f0000 - 0x00007ffaeda9a000 	C:\Windows\system32\ADVAPI32.dll
0x00007ffaec050000 - 0x00007ffaec1c7000 	C:\Windows\system32\USER32.dll
0x00007ffae99d0000 - 0x00007ffae9c4b000 	C:\Windows\WinSxS\amd64_microsoft.windows.common-controls_6595b64144ccf1df_6.0.9600.18006_none_623f33d3ecbe86e8\COMCTL32.dll
0x00007ffae5230000 - 0x00007ffae523a000 	C:\Windows\SYSTEM32\VERSION.dll
0x00007ffaec410000 - 0x00007ffaec4ba000 	C:\Windows\system32\msvcrt.dll
0x00007ffaee820000 - 0x00007ffaee879000 	C:\Windows\SYSTEM32\sechost.dll
0x00007ffaede20000 - 0x00007ffaedf60000 	C:\Windows\system32\RPCRT4.dll
0x00007ffaee4c0000 - 0x00007ffaee60b000 	C:\Windows\system32\GDI32.dll
0x00007ffaebbb0000 - 0x00007ffaebbde000 	C:\Windows\system32\SspiCli.dll
0x00007ffaec3d0000 - 0x00007ffaec406000 	C:\Windows\system32\IMM32.DLL
0x00007ffaedca0000 - 0x00007ffaeddf1000 	C:\Windows\system32\MSCTF.dll
0x00007ffadc2a0000 - 0x00007ffadc38f000 	C:\Program Files\Java\jre-9.0.4\bin\msvcr120.dll
0x00007ffadc1f0000 - 0x00007ffadc296000 	C:\Program Files\Java\jre-9.0.4\bin\msvcp120.dll
0x000000005c970000 - 0x000000005d395000 	C:\Program Files\Java\jre-9.0.4\bin\server\jvm.dll
0x00007ffae5d00000 - 0x00007ffae5d09000 	C:\Windows\SYSTEM32\WSOCK32.dll
0x00007ffae5f10000 - 0x00007ffae5f32000 	C:\Windows\SYSTEM32\WINMM.dll
0x00007ffaede10000 - 0x00007ffaede17000 	C:\Windows\system32\PSAPI.DLL
0x00007ffaee460000 - 0x00007ffaee4ba000 	C:\Windows\system32\WS2_32.dll
0x00007ffae5ee0000 - 0x00007ffae5f0a000 	C:\Windows\SYSTEM32\WINMMBASE.dll
0x00007ffaec040000 - 0x00007ffaec049000 	C:\Windows\system32\NSI.dll
0x00007ffaebc40000 - 0x00007ffaebc8f000 	C:\Windows\SYSTEM32\cfgmgr32.dll
0x00007ffaea900000 - 0x00007ffaea928000 	C:\Windows\SYSTEM32\DEVOBJ.dll
0x00007ffae7e80000 - 0x00007ffae7e8f000 	C:\Program Files\Java\jre-9.0.4\bin\verify.dll
0x00007ffadc1c0000 - 0x00007ffadc1e7000 	C:\Program Files\Java\jre-9.0.4\bin\java.dll
0x00007ffae7d20000 - 0x00007ffae7d36000 	C:\Program Files\Java\jre-9.0.4\bin\zip.dll
0x00007ffae7cf0000 - 0x00007ffae7cfa000 	C:\Program Files\Java\jre-9.0.4\bin\jimage.dll
0x00007ffae76f0000 - 0x00007ffae7879000 	C:\Windows\SYSTEM32\dbghelp.dll

VM Arguments:
jvm_args: -Dfile.encoding=Cp1252 
java_command: Sorting
java_class_path (initial): C:\Users\purab\eclipse-workspace\Sorting.java\bin
Launcher Type: SUN_STANDARD

Logging:
Log output configuration:
#0: stdout all=warning uptime,level,tags
#1: stderr all=off uptime,level,tags

Environment Variables:
PATH=C:\ProgramData\Oracle\Java\javapath;C:\Program Files (x86)\PC Connectivity Solution\;c:\Program Files (x86)\Intel\iCLS Client\;c:\Program Files\Intel\iCLS Client\;C:\Windows\system32;C:\Windows;C:\Windows\System32\Wbem;C:\Windows\System32\WindowsPowerShell\v1.0\;C:\Program Files\Intel\Intel(R) Management Engine Components\DAL;C:\Program Files\Intel\Intel(R) Management Engine Components\IPT;C:\Program Files (x86)\Intel\Intel(R) Management Engine Components\DAL;C:\Program Files (x86)\Intel\Intel(R) Management Engine Components\IPT;C:\Program Files (x86)\Windows Live\Shared;C:\Program Files (x86)\Common Files\lenovo\easyplussdk\bin;C:\adb;C:\Program Files\Git\cmd;C:\Program Files\Java\jdk-9.0.4\bin;
USERNAME=purab
OS=Windows_NT
PROCESSOR_IDENTIFIER=Intel64 Family 6 Model 69 Stepping 1, GenuineIntel



---------------  S Y S T E M  ---------------

OS: Windows 8.1 , 64 bit Build 9600 (6.3.9600.17415)

CPU:total 4 (initial active 4) (2 cores per cpu, 2 threads per core) family 6 model 69 stepping 1, cmov, cx8, fxsr, mmx, sse, sse2, sse3, ssse3, sse4.1, sse4.2, popcnt, avx, avx2, aes, clmul, erms, lzcnt, ht, tsc, tscinvbit, bmi1, bmi2, fma

Memory: 4k page, physical 6001624k(1079112k free), swap 9147352k(4956k free)

vm_info: Java HotSpot(TM) 64-Bit Server VM (9.0.4+11) for windows-amd64 JRE (9.0.4+11), built on Dec 20 2017 02:18:54 by "mach5one" with MS VC++ 12.0 (VS2013)

END.
